<?xml version="1.0" encoding="UTF-8"?>
<testng-results skipped="0" failed="0" ignored="0" total="1" passed="1">
  <reporter-output>
  </reporter-output>
  <suite name="Default suite" duration-ms="84510" started-at="2020-07-14T16:58:20 IST" finished-at="2020-07-14T16:59:44 IST">
    <groups>
    </groups>
    <test name="Default test" duration-ms="84510" started-at="2020-07-14T16:58:20 IST" finished-at="2020-07-14T16:59:44 IST">
      <class name="testcases.CabSearchTestCase">
        <test-method status="PASS" signature="findingCabs()[pri:0, instance:testcases.CabSearchTestCase@3c0a50da]" name="findingCabs" duration-ms="83646" started-at="2020-07-14T16:58:20 IST" finished-at="2020-07-14T16:59:43 IST">
          <reporter-output>
          </reporter-output>
        </test-method> <!-- findingCabs -->
        <test-method status="PASS" signature="close()[pri:0, instance:testcases.CabSearchTestCase@3c0a50da]" name="close" is-config="true" duration-ms="816" started-at="2020-07-14T16:59:43 IST" finished-at="2020-07-14T16:59:44 IST">
          <reporter-output>
          </reporter-output>
        </test-method> <!-- close -->
      </class> <!-- testcases.CabSearchTestCase -->
    </test> <!-- Default test -->
  </suite> <!-- Default suite -->
</testng-results>
